<?xml version="1.0" encoding="UTF-8"?>
<Site BuildName="(empty)"
	BuildStamp="20240715-0723-Experimental"
	Name="stoair-ASUS-TUF-Gaming-F15-FX507VU-FX507VU"
	Generator="ctest-3.22.1"
	CompilerName="/usr/bin/c++"
	CompilerVersion="11.4.0"
	OSName="Linux"
	Hostname="stoair-ASUS-TUF-Gaming-F15-FX507VU-FX507VU"
	OSRelease="6.5.0-35-generic"
	OSVersion="#35~22.04.1-Ubuntu SMP PREEMPT_DYNAMIC Tue May  7 09:00:52 UTC 2"
	OSPlatform="x86_64"
	Is64Bits="1"
	VendorString="GenuineIntel"
	VendorID="Intel Corporation"
	FamilyID="6"
	ModelID="186"
	ProcessorCacheSize="18432"
	NumberOfLogicalCPU="16"
	NumberOfPhysicalCPU="12"
	TotalVirtualMemory="15623"
	TotalPhysicalMemory="15608"
	LogicalProcessorsPerPhysical="1"
	ProcessorClockFrequency="3768.38"
	>
	<Testing>
		<StartDateTime>Jul 15 15:23 CST</StartDateTime>
		<StartTestTime>1721028207</StartTestTime>
		<TestList/>
		<EndDateTime>Jul 15 15:23 CST</EndDateTime>
		<EndTestTime>1721028207</EndTestTime>
		<ElapsedMinutes>0</ElapsedMinutes>
	</Testing>
</Site>
