<?xml version="1.0" encoding="UTF-8"?>
<Site BuildName="(empty)"
	BuildStamp="20240729-0734-Experimental"
	Name="stoair-ASUS-TUF-Gaming-F15-FX507VU-FX507VU"
	Generator="ctest-3.22.1"
	CompilerName="/usr/bin/c++"
	CompilerVersion="11.4.0"
	OSName="Linux"
	Hostname="stoair-ASUS-TUF-Gaming-F15-FX507VU-FX507VU"
	OSRelease="6.5.0-44-generic"
	OSVersion="#44~22.04.1-Ubuntu SMP PREEMPT_DYNAMIC Tue Jun 18 14:36:16 UTC 2"
	OSPlatform="x86_64"
	Is64Bits="1"
	VendorString="GenuineIntel"
	VendorID="Intel Corporation"
	FamilyID="6"
	ModelID="186"
	ProcessorCacheSize="18432"
	NumberOfLogicalCPU="16"
	NumberOfPhysicalCPU="12"
	TotalVirtualMemory="15623"
	TotalPhysicalMemory="15608"
	LogicalProcessorsPerPhysical="1"
	ProcessorClockFrequency="3021.57"
	>
	<Testing>
		<StartDateTime>Jul 29 19:08 CST</StartDateTime>
		<StartTestTime>1722251296</StartTestTime>
		<TestList/>
		<EndDateTime>Jul 29 19:08 CST</EndDateTime>
		<EndTestTime>1722251296</EndTestTime>
		<ElapsedMinutes>0</ElapsedMinutes>
	</Testing>
</Site>
